<?xml version="1.0" encoding="UTF-8"?>
<!-- Generated by org.testng.reporters.JUnitReportReporter -->
<testsuite skipped="0" hostname="DESKTOP-8K7KLNB" name="com.rap3.RALogger" tests="1" failures="0" timestamp="2021-03-17T19:35:29 IST" time="0.031" errors="0">
  <testcase name="logOutput" time="0.031" classname="com.rap3.RALogger"/>
  <system-out/>
</testsuite> <!-- com.rap3.RALogger -->
